<?xml version="1.0" encoding="UTF-8"?>
<!-- Generated by org.testng.reporters.JUnitReportReporter -->
<testsuite hostname="Fatma" failures="0" tests="3" name="com.pluralsight.TestClass1" time="10.572" errors="0" timestamp="2023-09-22T03:47:20 EET" skipped="0">
  <testcase classname="com.pluralsight.TestClass1" name="test3" time="3.112"/>
  <testcase classname="com.pluralsight.TestClass1" name="test2" time="3.306"/>
  <testcase classname="com.pluralsight.TestClass1" name="test1" time="4.154"/>
</testsuite> <!-- com.pluralsight.TestClass1 -->
