<?xml version="1.0" encoding="UTF-8"?>
<!-- Generated by org.testng.reporters.JUnitReportReporter -->
<testsuite hostname="Fatma" failures="0" tests="3" name="com.pluralsight.TestClass1" time="11.286" errors="0" timestamp="2023-09-23T07:25:13 EET" skipped="0">
  <testcase classname="com.pluralsight.TestClass1" name="test1" time="3.797"/>
  <testcase classname="com.pluralsight.TestClass1" name="test2" time="3.436"/>
  <testcase classname="com.pluralsight.TestClass1" name="test3" time="4.053"/>
</testsuite> <!-- com.pluralsight.TestClass1 -->
