<?xml version="1.0" encoding="UTF-8"?>
<!-- Generated by org.testng.reporters.JUnitReportReporter -->
<testsuite hostname="Fatma" failures="0" tests="3" name="com.pluralsight.TestClass1" time="11.918" errors="0" timestamp="2023-09-22T03:49:02 EET" skipped="0">
  <testcase classname="com.pluralsight.TestClass1" name="test2" time="3.150"/>
  <testcase classname="com.pluralsight.TestClass1" name="test1" time="5.543"/>
  <testcase classname="com.pluralsight.TestClass1" name="test3" time="3.225"/>
</testsuite> <!-- com.pluralsight.TestClass1 -->
