<?xml version="1.0" encoding="UTF-8"?>
<!-- Generated by org.testng.reporters.JUnitReportReporter -->
<testsuite hostname="Fatma" failures="0" tests="3" name="com.pluralsight.TestClass1" time="11.389" errors="0" timestamp="2023-09-23T07:27:24 EET" skipped="0">
  <testcase classname="com.pluralsight.TestClass1" name="test2" time="3.338"/>
  <testcase classname="com.pluralsight.TestClass1" name="test3" time="4.291"/>
  <testcase classname="com.pluralsight.TestClass1" name="test1" time="3.760"/>
</testsuite> <!-- com.pluralsight.TestClass1 -->
